<?xml version="1.0" encoding="UTF-8"?>
<testng-results ignored="0" total="26" passed="26" failed="0" skipped="0">
  <reporter-output>
  </reporter-output>
  <suite started-at="2021-10-20T15:55:23 CEST" name="Suite" finished-at="2021-10-20T15:55:59 CEST" duration-ms="35759">
    <groups>
    </groups>
    <test started-at="2021-10-20T15:55:23 CEST" name="Test2" finished-at="2021-10-20T15:55:34 CEST" duration-ms="10565">
      <class name="FirstTest">
        <test-method is-config="true" signature="setup(java.lang.String)[pri:0, instance:FirstTest@76508ed1]" started-at="2021-10-20T15:55:23 CEST" name="setup" finished-at="2021-10-20T15:55:30 CEST" duration-ms="6834" status="PASS">
          <params>
            <param index="0">
              <value>
                <![CDATA[chrome]]>
              </value>
            </param>
          </params>
          <reporter-output>
          </reporter-output>
        </test-method> <!-- setup -->
        <test-method is-config="true" signature="setup(java.lang.String)[pri:0, instance:FirstTest@76508ed1]" started-at="2021-10-20T15:55:23 CEST" name="setup" finished-at="2021-10-20T15:55:30 CEST" duration-ms="6870" status="PASS">
          <params>
            <param index="0">
              <value>
                <![CDATA[chrome]]>
              </value>
            </param>
          </params>
          <reporter-output>
          </reporter-output>
        </test-method> <!-- setup -->
        <test-method is-config="true" signature="setup(java.lang.String)[pri:0, instance:FirstTest@76508ed1]" started-at="2021-10-20T15:55:23 CEST" name="setup" finished-at="2021-10-20T15:55:30 CEST" duration-ms="6865" status="PASS">
          <params>
            <param index="0">
              <value>
                <![CDATA[chrome]]>
              </value>
            </param>
          </params>
          <reporter-output>
          </reporter-output>
        </test-method> <!-- setup -->
        <test-method signature="GOOGLE2()[pri:0, instance:FirstTest@76508ed1]" started-at="2021-10-20T15:55:30 CEST" name="GOOGLE2" finished-at="2021-10-20T15:55:33 CEST" duration-ms="3162" status="PASS">
          <reporter-output>
          </reporter-output>
        </test-method> <!-- GOOGLE2 -->
        <test-method signature="GOOGLE3()[pri:0, instance:FirstTest@76508ed1]" started-at="2021-10-20T15:55:30 CEST" name="GOOGLE3" finished-at="2021-10-20T15:55:33 CEST" duration-ms="3235" status="PASS">
          <reporter-output>
          </reporter-output>
        </test-method> <!-- GOOGLE3 -->
        <test-method signature="GOOGLE1()[pri:0, instance:FirstTest@76508ed1]" started-at="2021-10-20T15:55:30 CEST" name="GOOGLE1" finished-at="2021-10-20T15:55:33 CEST" duration-ms="3257" status="PASS">
          <reporter-output>
          </reporter-output>
        </test-method> <!-- GOOGLE1 -->
        <test-method is-config="true" signature="tearDown()[pri:0, instance:FirstTest@76508ed1]" started-at="2021-10-20T15:55:33 CEST" name="tearDown" finished-at="2021-10-20T15:55:34 CEST" duration-ms="346" status="PASS">
          <reporter-output>
          </reporter-output>
        </test-method> <!-- tearDown -->
        <test-method is-config="true" signature="tearDown()[pri:0, instance:FirstTest@76508ed1]" started-at="2021-10-20T15:55:33 CEST" name="tearDown" finished-at="2021-10-20T15:55:34 CEST" duration-ms="424" status="PASS">
          <reporter-output>
          </reporter-output>
        </test-method> <!-- tearDown -->
        <test-method is-config="true" signature="tearDown()[pri:0, instance:FirstTest@76508ed1]" started-at="2021-10-20T15:55:33 CEST" name="tearDown" finished-at="2021-10-20T15:55:34 CEST" duration-ms="375" status="PASS">
          <reporter-output>
          </reporter-output>
        </test-method> <!-- tearDown -->
        <test-method is-config="true" signature="terminate()[pri:0, instance:FirstTest@76508ed1]" started-at="2021-10-20T15:55:34 CEST" name="terminate" finished-at="2021-10-20T15:55:34 CEST" duration-ms="0" status="PASS">
          <reporter-output>
          </reporter-output>
        </test-method> <!-- terminate -->
      </class> <!-- FirstTest -->
    </test> <!-- Test2 -->
    <test started-at="2021-10-20T15:55:23 CEST" name="Test1  " finished-at="2021-10-20T15:55:37 CEST" duration-ms="13601">
      <class name="SecondTest">
        <test-method is-config="true" signature="setup(java.lang.String)[pri:0, instance:SecondTest@1f3f4916]" started-at="2021-10-20T15:55:23 CEST" name="setup" finished-at="2021-10-20T15:55:33 CEST" duration-ms="10002" status="PASS">
          <params>
            <param index="0">
              <value>
                <![CDATA[firefox]]>
              </value>
            </param>
          </params>
          <reporter-output>
          </reporter-output>
        </test-method> <!-- setup -->
        <test-method is-config="true" signature="setup(java.lang.String)[pri:0, instance:SecondTest@1f3f4916]" started-at="2021-10-20T15:55:23 CEST" name="setup" finished-at="2021-10-20T15:55:33 CEST" duration-ms="10082" status="PASS">
          <params>
            <param index="0">
              <value>
                <![CDATA[firefox]]>
              </value>
            </param>
          </params>
          <reporter-output>
          </reporter-output>
        </test-method> <!-- setup -->
        <test-method signature="GOOGLE4()[pri:0, instance:SecondTest@1f3f4916]" started-at="2021-10-20T15:55:33 CEST" name="GOOGLE4" finished-at="2021-10-20T15:55:35 CEST" duration-ms="2099" status="PASS">
          <reporter-output>
          </reporter-output>
        </test-method> <!-- GOOGLE4 -->
        <test-method signature="YANDEX()[pri:0, instance:SecondTest@1f3f4916]" started-at="2021-10-20T15:55:33 CEST" name="YANDEX" finished-at="2021-10-20T15:55:36 CEST" duration-ms="2786" status="PASS">
          <reporter-output>
          </reporter-output>
        </test-method> <!-- YANDEX -->
        <test-method is-config="true" signature="tearDown()[pri:0, instance:SecondTest@1f3f4916]" started-at="2021-10-20T15:55:35 CEST" name="tearDown" finished-at="2021-10-20T15:55:36 CEST" duration-ms="783" status="PASS">
          <reporter-output>
          </reporter-output>
        </test-method> <!-- tearDown -->
        <test-method is-config="true" signature="tearDown()[pri:0, instance:SecondTest@1f3f4916]" started-at="2021-10-20T15:55:36 CEST" name="tearDown" finished-at="2021-10-20T15:55:37 CEST" duration-ms="697" status="PASS">
          <reporter-output>
          </reporter-output>
        </test-method> <!-- tearDown -->
        <test-method is-config="true" signature="terminate()[pri:0, instance:SecondTest@1f3f4916]" started-at="2021-10-20T15:55:37 CEST" name="terminate" finished-at="2021-10-20T15:55:37 CEST" duration-ms="0" status="PASS">
          <reporter-output>
          </reporter-output>
        </test-method> <!-- terminate -->
      </class> <!-- SecondTest -->
    </test> <!-- Test1   -->
    <test started-at="2021-10-20T15:55:34 CEST" name="Test12" finished-at="2021-10-20T15:55:40 CEST" duration-ms="6098">
      <class name="FirstTest">
        <test-method is-config="true" signature="setup(java.lang.String)[pri:0, instance:FirstTest@35ef1869]" started-at="2021-10-20T15:55:34 CEST" name="setup" finished-at="2021-10-20T15:55:38 CEST" duration-ms="4301" status="PASS">
          <params>
            <param index="0">
              <value>
                <![CDATA[chrome]]>
              </value>
            </param>
          </params>
          <reporter-output>
          </reporter-output>
        </test-method> <!-- setup -->
        <test-method is-config="true" signature="setup(java.lang.String)[pri:0, instance:FirstTest@35ef1869]" started-at="2021-10-20T15:55:34 CEST" name="setup" finished-at="2021-10-20T15:55:38 CEST" duration-ms="3926" status="PASS">
          <params>
            <param index="0">
              <value>
                <![CDATA[chrome]]>
              </value>
            </param>
          </params>
          <reporter-output>
          </reporter-output>
        </test-method> <!-- setup -->
        <test-method is-config="true" signature="setup(java.lang.String)[pri:0, instance:FirstTest@35ef1869]" started-at="2021-10-20T15:55:34 CEST" name="setup" finished-at="2021-10-20T15:55:38 CEST" duration-ms="4239" status="PASS">
          <params>
            <param index="0">
              <value>
                <![CDATA[chrome]]>
              </value>
            </param>
          </params>
          <reporter-output>
          </reporter-output>
        </test-method> <!-- setup -->
        <test-method signature="GOOGLE2()[pri:0, instance:FirstTest@35ef1869]" started-at="2021-10-20T15:55:38 CEST" name="GOOGLE2" finished-at="2021-10-20T15:55:39 CEST" duration-ms="1440" status="PASS">
          <reporter-output>
          </reporter-output>
        </test-method> <!-- GOOGLE2 -->
        <test-method signature="GOOGLE3()[pri:0, instance:FirstTest@35ef1869]" started-at="2021-10-20T15:55:38 CEST" name="GOOGLE3" finished-at="2021-10-20T15:55:40 CEST" duration-ms="1664" status="PASS">
          <reporter-output>
          </reporter-output>
        </test-method> <!-- GOOGLE3 -->
        <test-method signature="GOOGLE1()[pri:0, instance:FirstTest@35ef1869]" started-at="2021-10-20T15:55:38 CEST" name="GOOGLE1" finished-at="2021-10-20T15:55:40 CEST" duration-ms="1603" status="PASS">
          <reporter-output>
          </reporter-output>
        </test-method> <!-- GOOGLE1 -->
        <test-method is-config="true" signature="tearDown()[pri:0, instance:FirstTest@35ef1869]" started-at="2021-10-20T15:55:39 CEST" name="tearDown" finished-at="2021-10-20T15:55:39 CEST" duration-ms="218" status="PASS">
          <reporter-output>
          </reporter-output>
        </test-method> <!-- tearDown -->
        <test-method is-config="true" signature="tearDown()[pri:0, instance:FirstTest@35ef1869]" started-at="2021-10-20T15:55:40 CEST" name="tearDown" finished-at="2021-10-20T15:55:40 CEST" duration-ms="191" status="PASS">
          <reporter-output>
          </reporter-output>
        </test-method> <!-- tearDown -->
        <test-method is-config="true" signature="tearDown()[pri:0, instance:FirstTest@35ef1869]" started-at="2021-10-20T15:55:40 CEST" name="tearDown" finished-at="2021-10-20T15:55:40 CEST" duration-ms="185" status="PASS">
          <reporter-output>
          </reporter-output>
        </test-method> <!-- tearDown -->
        <test-method is-config="true" signature="terminate()[pri:0, instance:FirstTest@35ef1869]" started-at="2021-10-20T15:55:40 CEST" name="terminate" finished-at="2021-10-20T15:55:40 CEST" duration-ms="0" status="PASS">
          <reporter-output>
          </reporter-output>
        </test-method> <!-- terminate -->
      </class> <!-- FirstTest -->
    </test> <!-- Test12 -->
    <test started-at="2021-10-20T15:55:37 CEST" name="Test132" finished-at="2021-10-20T15:55:43 CEST" duration-ms="5814">
      <class name="FirstTest">
        <test-method is-config="true" signature="setup(java.lang.String)[pri:0, instance:FirstTest@619713e5]" started-at="2021-10-20T15:55:37 CEST" name="setup" finished-at="2021-10-20T15:55:38 CEST" duration-ms="1587" status="PASS">
          <params>
            <param index="0">
              <value>
                <![CDATA[chrome]]>
              </value>
            </param>
          </params>
          <reporter-output>
          </reporter-output>
        </test-method> <!-- setup -->
        <test-method is-config="true" signature="setup(java.lang.String)[pri:0, instance:FirstTest@619713e5]" started-at="2021-10-20T15:55:37 CEST" name="setup" finished-at="2021-10-20T15:55:38 CEST" duration-ms="1571" status="PASS">
          <params>
            <param index="0">
              <value>
                <![CDATA[chrome]]>
              </value>
            </param>
          </params>
          <reporter-output>
          </reporter-output>
        </test-method> <!-- setup -->
        <test-method is-config="true" signature="setup(java.lang.String)[pri:0, instance:FirstTest@619713e5]" started-at="2021-10-20T15:55:37 CEST" name="setup" finished-at="2021-10-20T15:55:39 CEST" duration-ms="2007" status="PASS">
          <params>
            <param index="0">
              <value>
                <![CDATA[chrome]]>
              </value>
            </param>
          </params>
          <reporter-output>
          </reporter-output>
        </test-method> <!-- setup -->
        <test-method signature="GOOGLE2()[pri:0, instance:FirstTest@619713e5]" started-at="2021-10-20T15:55:38 CEST" name="GOOGLE2" finished-at="2021-10-20T15:55:40 CEST" duration-ms="1536" status="PASS">
          <reporter-output>
          </reporter-output>
        </test-method> <!-- GOOGLE2 -->
        <test-method signature="GOOGLE1()[pri:0, instance:FirstTest@619713e5]" started-at="2021-10-20T15:55:38 CEST" name="GOOGLE1" finished-at="2021-10-20T15:55:40 CEST" duration-ms="1302" status="PASS">
          <reporter-output>
          </reporter-output>
        </test-method> <!-- GOOGLE1 -->
        <test-method signature="GOOGLE3()[pri:0, instance:FirstTest@619713e5]" started-at="2021-10-20T15:55:39 CEST" name="GOOGLE3" finished-at="2021-10-20T15:55:43 CEST" duration-ms="3703" status="PASS">
          <reporter-output>
          </reporter-output>
        </test-method> <!-- GOOGLE3 -->
        <test-method is-config="true" signature="tearDown()[pri:0, instance:FirstTest@619713e5]" started-at="2021-10-20T15:55:40 CEST" name="tearDown" finished-at="2021-10-20T15:55:40 CEST" duration-ms="206" status="PASS">
          <reporter-output>
          </reporter-output>
        </test-method> <!-- tearDown -->
        <test-method is-config="true" signature="tearDown()[pri:0, instance:FirstTest@619713e5]" started-at="2021-10-20T15:55:40 CEST" name="tearDown" finished-at="2021-10-20T15:55:40 CEST" duration-ms="139" status="PASS">
          <reporter-output>
          </reporter-output>
        </test-method> <!-- tearDown -->
        <test-method is-config="true" signature="tearDown()[pri:0, instance:FirstTest@619713e5]" started-at="2021-10-20T15:55:43 CEST" name="tearDown" finished-at="2021-10-20T15:55:43 CEST" duration-ms="101" status="PASS">
          <reporter-output>
          </reporter-output>
        </test-method> <!-- tearDown -->
        <test-method is-config="true" signature="terminate()[pri:0, instance:FirstTest@619713e5]" started-at="2021-10-20T15:55:43 CEST" name="terminate" finished-at="2021-10-20T15:55:43 CEST" duration-ms="0" status="PASS">
          <reporter-output>
          </reporter-output>
        </test-method> <!-- terminate -->
      </class> <!-- FirstTest -->
    </test> <!-- Test132 -->
    <test started-at="2021-10-20T15:55:40 CEST" name="Test332" finished-at="2021-10-20T15:55:44 CEST" duration-ms="4133">
      <class name="FirstTest">
        <test-method is-config="true" signature="setup(java.lang.String)[pri:0, instance:FirstTest@2ef3eef9]" started-at="2021-10-20T15:55:40 CEST" name="setup" finished-at="2021-10-20T15:55:43 CEST" duration-ms="3055" status="PASS">
          <params>
            <param index="0">
              <value>
                <![CDATA[chrome]]>
              </value>
            </param>
          </params>
          <reporter-output>
          </reporter-output>
        </test-method> <!-- setup -->
        <test-method is-config="true" signature="setup(java.lang.String)[pri:0, instance:FirstTest@2ef3eef9]" started-at="2021-10-20T15:55:40 CEST" name="setup" finished-at="2021-10-20T15:55:43 CEST" duration-ms="3037" status="PASS">
          <params>
            <param index="0">
              <value>
                <![CDATA[chrome]]>
              </value>
            </param>
          </params>
          <reporter-output>
          </reporter-output>
        </test-method> <!-- setup -->
        <test-method is-config="true" signature="setup(java.lang.String)[pri:0, instance:FirstTest@2ef3eef9]" started-at="2021-10-20T15:55:40 CEST" name="setup" finished-at="2021-10-20T15:55:43 CEST" duration-ms="2938" status="PASS">
          <params>
            <param index="0">
              <value>
                <![CDATA[chrome]]>
              </value>
            </param>
          </params>
          <reporter-output>
          </reporter-output>
        </test-method> <!-- setup -->
        <test-method signature="GOOGLE3()[pri:0, instance:FirstTest@2ef3eef9]" started-at="2021-10-20T15:55:43 CEST" name="GOOGLE3" finished-at="2021-10-20T15:55:44 CEST" duration-ms="806" status="PASS">
          <reporter-output>
          </reporter-output>
        </test-method> <!-- GOOGLE3 -->
        <test-method signature="GOOGLE2()[pri:0, instance:FirstTest@2ef3eef9]" started-at="2021-10-20T15:55:43 CEST" name="GOOGLE2" finished-at="2021-10-20T15:55:44 CEST" duration-ms="919" status="PASS">
          <reporter-output>
          </reporter-output>
        </test-method> <!-- GOOGLE2 -->
        <test-method signature="GOOGLE1()[pri:0, instance:FirstTest@2ef3eef9]" started-at="2021-10-20T15:55:43 CEST" name="GOOGLE1" finished-at="2021-10-20T15:55:44 CEST" duration-ms="829" status="PASS">
          <reporter-output>
          </reporter-output>
        </test-method> <!-- GOOGLE1 -->
        <test-method is-config="true" signature="tearDown()[pri:0, instance:FirstTest@2ef3eef9]" started-at="2021-10-20T15:55:44 CEST" name="tearDown" finished-at="2021-10-20T15:55:44 CEST" duration-ms="126" status="PASS">
          <reporter-output>
          </reporter-output>
        </test-method> <!-- tearDown -->
        <test-method is-config="true" signature="tearDown()[pri:0, instance:FirstTest@2ef3eef9]" started-at="2021-10-20T15:55:44 CEST" name="tearDown" finished-at="2021-10-20T15:55:44 CEST" duration-ms="108" status="PASS">
          <reporter-output>
          </reporter-output>
        </test-method> <!-- tearDown -->
        <test-method is-config="true" signature="tearDown()[pri:0, instance:FirstTest@2ef3eef9]" started-at="2021-10-20T15:55:44 CEST" name="tearDown" finished-at="2021-10-20T15:55:44 CEST" duration-ms="172" status="PASS">
          <reporter-output>
          </reporter-output>
        </test-method> <!-- tearDown -->
        <test-method is-config="true" signature="terminate()[pri:0, instance:FirstTest@2ef3eef9]" started-at="2021-10-20T15:55:44 CEST" name="terminate" finished-at="2021-10-20T15:55:44 CEST" duration-ms="1" status="PASS">
          <reporter-output>
          </reporter-output>
        </test-method> <!-- terminate -->
      </class> <!-- FirstTest -->
    </test> <!-- Test332 -->
    <test started-at="2021-10-20T15:55:43 CEST" name="Test24" finished-at="2021-10-20T15:55:49 CEST" duration-ms="6628">
      <class name="FirstTest">
        <test-method is-config="true" signature="setup(java.lang.String)[pri:0, instance:FirstTest@50eac852]" started-at="2021-10-20T15:55:43 CEST" name="setup" finished-at="2021-10-20T15:55:48 CEST" duration-ms="5278" status="PASS">
          <params>
            <param index="0">
              <value>
                <![CDATA[chrome]]>
              </value>
            </param>
          </params>
          <reporter-output>
          </reporter-output>
        </test-method> <!-- setup -->
        <test-method is-config="true" signature="setup(java.lang.String)[pri:0, instance:FirstTest@50eac852]" started-at="2021-10-20T15:55:43 CEST" name="setup" finished-at="2021-10-20T15:55:48 CEST" duration-ms="5353" status="PASS">
          <params>
            <param index="0">
              <value>
                <![CDATA[chrome]]>
              </value>
            </param>
          </params>
          <reporter-output>
          </reporter-output>
        </test-method> <!-- setup -->
        <test-method is-config="true" signature="setup(java.lang.String)[pri:0, instance:FirstTest@50eac852]" started-at="2021-10-20T15:55:43 CEST" name="setup" finished-at="2021-10-20T15:55:48 CEST" duration-ms="5452" status="PASS">
          <params>
            <param index="0">
              <value>
                <![CDATA[chrome]]>
              </value>
            </param>
          </params>
          <reporter-output>
          </reporter-output>
        </test-method> <!-- setup -->
        <test-method signature="GOOGLE1()[pri:0, instance:FirstTest@50eac852]" started-at="2021-10-20T15:55:48 CEST" name="GOOGLE1" finished-at="2021-10-20T15:55:49 CEST" duration-ms="960" status="PASS">
          <reporter-output>
          </reporter-output>
        </test-method> <!-- GOOGLE1 -->
        <test-method signature="GOOGLE2()[pri:0, instance:FirstTest@50eac852]" started-at="2021-10-20T15:55:48 CEST" name="GOOGLE2" finished-at="2021-10-20T15:55:49 CEST" duration-ms="1000" status="PASS">
          <reporter-output>
          </reporter-output>
        </test-method> <!-- GOOGLE2 -->
        <test-method signature="GOOGLE3()[pri:0, instance:FirstTest@50eac852]" started-at="2021-10-20T15:55:48 CEST" name="GOOGLE3" finished-at="2021-10-20T15:55:49 CEST" duration-ms="1051" status="PASS">
          <reporter-output>
          </reporter-output>
        </test-method> <!-- GOOGLE3 -->
        <test-method is-config="true" signature="tearDown()[pri:0, instance:FirstTest@50eac852]" started-at="2021-10-20T15:55:49 CEST" name="tearDown" finished-at="2021-10-20T15:55:49 CEST" duration-ms="135" status="PASS">
          <reporter-output>
          </reporter-output>
        </test-method> <!-- tearDown -->
        <test-method is-config="true" signature="tearDown()[pri:0, instance:FirstTest@50eac852]" started-at="2021-10-20T15:55:49 CEST" name="tearDown" finished-at="2021-10-20T15:55:49 CEST" duration-ms="187" status="PASS">
          <reporter-output>
          </reporter-output>
        </test-method> <!-- tearDown -->
        <test-method is-config="true" signature="tearDown()[pri:0, instance:FirstTest@50eac852]" started-at="2021-10-20T15:55:49 CEST" name="tearDown" finished-at="2021-10-20T15:55:49 CEST" duration-ms="119" status="PASS">
          <reporter-output>
          </reporter-output>
        </test-method> <!-- tearDown -->
        <test-method is-config="true" signature="terminate()[pri:0, instance:FirstTest@50eac852]" started-at="2021-10-20T15:55:49 CEST" name="terminate" finished-at="2021-10-20T15:55:49 CEST" duration-ms="0" status="PASS">
          <reporter-output>
          </reporter-output>
        </test-method> <!-- terminate -->
      </class> <!-- FirstTest -->
    </test> <!-- Test24 -->
    <test started-at="2021-10-20T15:55:44 CEST" name="Test553" finished-at="2021-10-20T15:55:50 CEST" duration-ms="5520">
      <class name="FirstTest">
        <test-method is-config="true" signature="setup(java.lang.String)[pri:0, instance:FirstTest@1ea9f6af]" started-at="2021-10-20T15:55:44 CEST" name="setup" finished-at="2021-10-20T15:55:48 CEST" duration-ms="4121" status="PASS">
          <params>
            <param index="0">
              <value>
                <![CDATA[chrome]]>
              </value>
            </param>
          </params>
          <reporter-output>
          </reporter-output>
        </test-method> <!-- setup -->
        <test-method is-config="true" signature="setup(java.lang.String)[pri:0, instance:FirstTest@1ea9f6af]" started-at="2021-10-20T15:55:44 CEST" name="setup" finished-at="2021-10-20T15:55:48 CEST" duration-ms="4170" status="PASS">
          <params>
            <param index="0">
              <value>
                <![CDATA[chrome]]>
              </value>
            </param>
          </params>
          <reporter-output>
          </reporter-output>
        </test-method> <!-- setup -->
        <test-method is-config="true" signature="setup(java.lang.String)[pri:0, instance:FirstTest@1ea9f6af]" started-at="2021-10-20T15:55:44 CEST" name="setup" finished-at="2021-10-20T15:55:48 CEST" duration-ms="4041" status="PASS">
          <params>
            <param index="0">
              <value>
                <![CDATA[chrome]]>
              </value>
            </param>
          </params>
          <reporter-output>
          </reporter-output>
        </test-method> <!-- setup -->
        <test-method signature="GOOGLE3()[pri:0, instance:FirstTest@1ea9f6af]" started-at="2021-10-20T15:55:48 CEST" name="GOOGLE3" finished-at="2021-10-20T15:55:49 CEST" duration-ms="1334" status="PASS">
          <reporter-output>
          </reporter-output>
        </test-method> <!-- GOOGLE3 -->
        <test-method signature="GOOGLE1()[pri:0, instance:FirstTest@1ea9f6af]" started-at="2021-10-20T15:55:48 CEST" name="GOOGLE1" finished-at="2021-10-20T15:55:49 CEST" duration-ms="973" status="PASS">
          <reporter-output>
          </reporter-output>
        </test-method> <!-- GOOGLE1 -->
        <test-method signature="GOOGLE2()[pri:0, instance:FirstTest@1ea9f6af]" started-at="2021-10-20T15:55:48 CEST" name="GOOGLE2" finished-at="2021-10-20T15:55:49 CEST" duration-ms="1151" status="PASS">
          <reporter-output>
          </reporter-output>
        </test-method> <!-- GOOGLE2 -->
        <test-method is-config="true" signature="tearDown()[pri:0, instance:FirstTest@1ea9f6af]" started-at="2021-10-20T15:55:49 CEST" name="tearDown" finished-at="2021-10-20T15:55:49 CEST" duration-ms="105" status="PASS">
          <reporter-output>
          </reporter-output>
        </test-method> <!-- tearDown -->
        <test-method is-config="true" signature="tearDown()[pri:0, instance:FirstTest@1ea9f6af]" started-at="2021-10-20T15:55:49 CEST" name="tearDown" finished-at="2021-10-20T15:55:50 CEST" duration-ms="103" status="PASS">
          <reporter-output>
          </reporter-output>
        </test-method> <!-- tearDown -->
        <test-method is-config="true" signature="tearDown()[pri:0, instance:FirstTest@1ea9f6af]" started-at="2021-10-20T15:55:49 CEST" name="tearDown" finished-at="2021-10-20T15:55:50 CEST" duration-ms="139" status="PASS">
          <reporter-output>
          </reporter-output>
        </test-method> <!-- tearDown -->
        <test-method is-config="true" signature="terminate()[pri:0, instance:FirstTest@1ea9f6af]" started-at="2021-10-20T15:55:50 CEST" name="terminate" finished-at="2021-10-20T15:55:50 CEST" duration-ms="0" status="PASS">
          <reporter-output>
          </reporter-output>
        </test-method> <!-- terminate -->
      </class> <!-- FirstTest -->
    </test> <!-- Test553 -->
    <test started-at="2021-10-20T15:55:49 CEST" name="Test4" finished-at="2021-10-20T15:55:55 CEST" duration-ms="5222">
      <class name="FirstTest">
        <test-method is-config="true" signature="setup(java.lang.String)[pri:0, instance:FirstTest@20deea7f]" started-at="2021-10-20T15:55:49 CEST" name="setup" finished-at="2021-10-20T15:55:53 CEST" duration-ms="3754" status="PASS">
          <params>
            <param index="0">
              <value>
                <![CDATA[chrome]]>
              </value>
            </param>
          </params>
          <reporter-output>
          </reporter-output>
        </test-method> <!-- setup -->
        <test-method is-config="true" signature="setup(java.lang.String)[pri:0, instance:FirstTest@20deea7f]" started-at="2021-10-20T15:55:49 CEST" name="setup" finished-at="2021-10-20T15:55:53 CEST" duration-ms="3886" status="PASS">
          <params>
            <param index="0">
              <value>
                <![CDATA[chrome]]>
              </value>
            </param>
          </params>
          <reporter-output>
          </reporter-output>
        </test-method> <!-- setup -->
        <test-method is-config="true" signature="setup(java.lang.String)[pri:0, instance:FirstTest@20deea7f]" started-at="2021-10-20T15:55:49 CEST" name="setup" finished-at="2021-10-20T15:55:53 CEST" duration-ms="3808" status="PASS">
          <params>
            <param index="0">
              <value>
                <![CDATA[chrome]]>
              </value>
            </param>
          </params>
          <reporter-output>
          </reporter-output>
        </test-method> <!-- setup -->
        <test-method signature="GOOGLE2()[pri:0, instance:FirstTest@20deea7f]" started-at="2021-10-20T15:55:53 CEST" name="GOOGLE2" finished-at="2021-10-20T15:55:54 CEST" duration-ms="1078" status="PASS">
          <reporter-output>
          </reporter-output>
        </test-method> <!-- GOOGLE2 -->
        <test-method signature="GOOGLE3()[pri:0, instance:FirstTest@20deea7f]" started-at="2021-10-20T15:55:53 CEST" name="GOOGLE3" finished-at="2021-10-20T15:55:54 CEST" duration-ms="1144" status="PASS">
          <reporter-output>
          </reporter-output>
        </test-method> <!-- GOOGLE3 -->
        <test-method signature="GOOGLE1()[pri:0, instance:FirstTest@20deea7f]" started-at="2021-10-20T15:55:53 CEST" name="GOOGLE1" finished-at="2021-10-20T15:55:54 CEST" duration-ms="1188" status="PASS">
          <reporter-output>
          </reporter-output>
        </test-method> <!-- GOOGLE1 -->
        <test-method is-config="true" signature="tearDown()[pri:0, instance:FirstTest@20deea7f]" started-at="2021-10-20T15:55:54 CEST" name="tearDown" finished-at="2021-10-20T15:55:54 CEST" duration-ms="108" status="PASS">
          <reporter-output>
          </reporter-output>
        </test-method> <!-- tearDown -->
        <test-method is-config="true" signature="tearDown()[pri:0, instance:FirstTest@20deea7f]" started-at="2021-10-20T15:55:54 CEST" name="tearDown" finished-at="2021-10-20T15:55:54 CEST" duration-ms="157" status="PASS">
          <reporter-output>
          </reporter-output>
        </test-method> <!-- tearDown -->
        <test-method is-config="true" signature="tearDown()[pri:0, instance:FirstTest@20deea7f]" started-at="2021-10-20T15:55:54 CEST" name="tearDown" finished-at="2021-10-20T15:55:55 CEST" duration-ms="143" status="PASS">
          <reporter-output>
          </reporter-output>
        </test-method> <!-- tearDown -->
        <test-method is-config="true" signature="terminate()[pri:0, instance:FirstTest@20deea7f]" started-at="2021-10-20T15:55:55 CEST" name="terminate" finished-at="2021-10-20T15:55:55 CEST" duration-ms="0" status="PASS">
          <reporter-output>
          </reporter-output>
        </test-method> <!-- terminate -->
      </class> <!-- FirstTest -->
    </test> <!-- Test4 -->
    <test started-at="2021-10-20T15:55:50 CEST" name="Test5" finished-at="2021-10-20T15:55:59 CEST" duration-ms="9369">
      <class name="FirstTest">
        <test-method is-config="true" signature="setup(java.lang.String)[pri:0, instance:FirstTest@20ce78ec]" started-at="2021-10-20T15:55:50 CEST" name="setup" finished-at="2021-10-20T15:55:56 CEST" duration-ms="6615" status="PASS">
          <params>
            <param index="0">
              <value>
                <![CDATA[firefox]]>
              </value>
            </param>
          </params>
          <reporter-output>
          </reporter-output>
        </test-method> <!-- setup -->
        <test-method is-config="true" signature="setup(java.lang.String)[pri:0, instance:FirstTest@20ce78ec]" started-at="2021-10-20T15:55:50 CEST" name="setup" finished-at="2021-10-20T15:55:57 CEST" duration-ms="7089" status="PASS">
          <params>
            <param index="0">
              <value>
                <![CDATA[firefox]]>
              </value>
            </param>
          </params>
          <reporter-output>
          </reporter-output>
        </test-method> <!-- setup -->
        <test-method is-config="true" signature="setup(java.lang.String)[pri:0, instance:FirstTest@20ce78ec]" started-at="2021-10-20T15:55:50 CEST" name="setup" finished-at="2021-10-20T15:55:56 CEST" duration-ms="6814" status="PASS">
          <params>
            <param index="0">
              <value>
                <![CDATA[firefox]]>
              </value>
            </param>
          </params>
          <reporter-output>
          </reporter-output>
        </test-method> <!-- setup -->
        <test-method signature="GOOGLE1()[pri:0, instance:FirstTest@20ce78ec]" started-at="2021-10-20T15:55:56 CEST" name="GOOGLE1" finished-at="2021-10-20T15:55:58 CEST" duration-ms="1302" status="PASS">
          <reporter-output>
          </reporter-output>
        </test-method> <!-- GOOGLE1 -->
        <test-method signature="GOOGLE3()[pri:0, instance:FirstTest@20ce78ec]" started-at="2021-10-20T15:55:56 CEST" name="GOOGLE3" finished-at="2021-10-20T15:55:58 CEST" duration-ms="1373" status="PASS">
          <reporter-output>
          </reporter-output>
        </test-method> <!-- GOOGLE3 -->
        <test-method signature="GOOGLE2()[pri:0, instance:FirstTest@20ce78ec]" started-at="2021-10-20T15:55:57 CEST" name="GOOGLE2" finished-at="2021-10-20T15:55:58 CEST" duration-ms="1326" status="PASS">
          <reporter-output>
          </reporter-output>
        </test-method> <!-- GOOGLE2 -->
        <test-method is-config="true" signature="tearDown()[pri:0, instance:FirstTest@20ce78ec]" started-at="2021-10-20T15:55:58 CEST" name="tearDown" finished-at="2021-10-20T15:55:59 CEST" duration-ms="1131" status="PASS">
          <reporter-output>
          </reporter-output>
        </test-method> <!-- tearDown -->
        <test-method is-config="true" signature="tearDown()[pri:0, instance:FirstTest@20ce78ec]" started-at="2021-10-20T15:55:58 CEST" name="tearDown" finished-at="2021-10-20T15:55:59 CEST" duration-ms="1008" status="PASS">
          <reporter-output>
          </reporter-output>
        </test-method> <!-- tearDown -->
        <test-method is-config="true" signature="tearDown()[pri:0, instance:FirstTest@20ce78ec]" started-at="2021-10-20T15:55:58 CEST" name="tearDown" finished-at="2021-10-20T15:55:59 CEST" duration-ms="952" status="PASS">
          <reporter-output>
          </reporter-output>
        </test-method> <!-- tearDown -->
        <test-method is-config="true" signature="terminate()[pri:0, instance:FirstTest@20ce78ec]" started-at="2021-10-20T15:55:59 CEST" name="terminate" finished-at="2021-10-20T15:55:59 CEST" duration-ms="0" status="PASS">
          <reporter-output>
          </reporter-output>
        </test-method> <!-- terminate -->
      </class> <!-- FirstTest -->
    </test> <!-- Test5 -->
  </suite> <!-- Suite -->
</testng-results>
