<?xml version="1.0" encoding="UTF-8"?>
<testsuite xmlns:xsi="http://www.w3.org/2001/XMLSchema-instance" xsi:noNamespaceSchemaLocation="https://maven.apache.org/surefire/maven-surefire-plugin/xsd/surefire-test-report-3.0.xsd" version="3.0" name="TestSuite" time="36.397" tests="26" errors="0" skipped="0" failures="0">
  <properties>
[...]
</properties>
  <testcase name="GOOGLE2" classname="FirstTest" time="0.003">
    <system-out><![CDATA[CHORME BROWSER RUNNNing
CHORME BROWSER RUNNNing
CHORME BROWSER RUNNNing
Google2 Test Started! Thread Id: 25
Google3 Test Started! Thread Id: 27
Google1 Test Started! Thread Id: 24
Google2 Test's Page title is: Google Thread Id: 25
Google3 Test's Page title is: Google Thread Id: 27
Google1 Test's Page title is: Google Thread Id: 24
Google4 Test Started! Thread Id: 23
Google2 Test Ended! Thread Id: 25
]]></system-out>
    <system-err><![CDATA[Oct 20, 2021 3:55:23 PM org.openqa.selenium.remote.tracing.opentelemetry.OpenTelemetryTracer createTracer
INFO: Using OpenTelemetry for tracing
SLF4J: Failed to load class "org.slf4j.impl.StaticLoggerBinder".
SLF4J: Defaulting to no-operation (NOP) logger implementation
SLF4J: See http://www.slf4j.org/codes.html#StaticLoggerBinder for further details.
Oct 20, 2021 3:55:30 PM org.openqa.selenium.remote.ProtocolHandshake createSession
INFO: Detected dialect: W3C
Oct 20, 2021 3:55:30 PM org.openqa.selenium.remote.ProtocolHandshake createSession
INFO: Detected dialect: W3C
Oct 20, 2021 3:55:30 PM org.openqa.selenium.remote.ProtocolHandshake createSession
INFO: Detected dialect: W3C
Oct 20, 2021 3:55:33 PM org.openqa.selenium.remote.ProtocolHandshake createSession
INFO: Detected dialect: W3C
]]></system-err>
  </testcase>
  <testcase name="GOOGLE2" classname="FirstTest" time="0.369">
    <system-out><![CDATA[CHORME BROWSER RUNNNing
CHORME BROWSER RUNNNing
CHORME BROWSER RUNNNing
Google2 Test Started! Thread Id: 46
Google3 Test Started! Thread Id: 47
Google1 Test Started! Thread Id: 45
Google2 Test Started! Thread Id: 49
Google1 Test Started! Thread Id: 48
Google3 Test Started! Thread Id: 50
Google2 Test's Page title is: Google Thread Id: 46
Google2 Test Ended! Thread Id: 46
]]></system-out>
    <system-err><![CDATA[Oct 20, 2021 3:55:38 PM org.openqa.selenium.remote.ProtocolHandshake createSession
INFO: Detected dialect: W3C
Oct 20, 2021 3:55:38 PM org.openqa.selenium.remote.ProtocolHandshake createSession
INFO: Detected dialect: W3C
Oct 20, 2021 3:55:38 PM org.openqa.selenium.remote.ProtocolHandshake createSession
INFO: Detected dialect: W3C
Oct 20, 2021 3:55:38 PM org.openqa.selenium.remote.ProtocolHandshake createSession
INFO: Detected dialect: W3C
Oct 20, 2021 3:55:38 PM org.openqa.selenium.remote.ProtocolHandshake createSession
INFO: Detected dialect: W3C
Oct 20, 2021 3:55:39 PM org.openqa.selenium.remote.ProtocolHandshake createSession
INFO: Detected dialect: W3C
]]></system-err>
  </testcase>
  <testcase name="GOOGLE2" classname="FirstTest" time="1.1">
    <system-out><![CDATA[Google2 Test's Page title is: Google Thread Id: 49
Google2 Test Ended! Thread Id: 49
]]></system-out>
  </testcase>
  <testcase name="GOOGLE2" classname="FirstTest" time="0.903">
    <system-out><![CDATA[Google2 Test's Page title is: Google Thread Id: 53
Google2 Test Ended! Thread Id: 53
]]></system-out>
  </testcase>
  <testcase name="GOOGLE2" classname="FirstTest" time="0.744">
    <system-out><![CDATA[Google2 Test's Page title is: Google Thread Id: 56
Google2 Test Ended! Thread Id: 56
]]></system-out>
  </testcase>
  <testcase name="GOOGLE2" classname="FirstTest" time="1.153">
    <system-out><![CDATA[CHORME BROWSER RUNNNing
CHORME BROWSER RUNNNing
CHORME BROWSER RUNNNing
Google2 Test's Page title is: Google Thread Id: 59
Google3 Test's Page title is: Google Thread Id: 60
Google2 Test Ended! Thread Id: 59
]]></system-out>
  </testcase>
  <testcase name="GOOGLE2" classname="FirstTest" time="0.947">
    <system-out><![CDATA[Google2 Test Started! Thread Id: 62
Google3 Test Started! Thread Id: 63
Google1 Test Started! Thread Id: 61
Google2 Test's Page title is: Google Thread Id: 62
Google2 Test Ended! Thread Id: 62
]]></system-out>
    <system-err><![CDATA[Oct 20, 2021 3:55:53 PM org.openqa.selenium.remote.ProtocolHandshake createSession
INFO: Detected dialect: W3C
Oct 20, 2021 3:55:53 PM org.openqa.selenium.remote.ProtocolHandshake createSession
INFO: Detected dialect: W3C
Oct 20, 2021 3:55:53 PM org.openqa.selenium.remote.ProtocolHandshake createSession
INFO: Detected dialect: W3C
]]></system-err>
  </testcase>
  <testcase name="GOOGLE2" classname="FirstTest" time="1.326">
    <system-out><![CDATA[Google2 Test's Page title is: Google Thread Id: 65
Google2 Test Ended! Thread Id: 65
]]></system-out>
  </testcase>
  <testcase name="GOOGLE3" classname="FirstTest" time="0.017">
    <system-out><![CDATA[Yandex Test Started! Thread Id: 26
Google3 Test Ended! Thread Id: 27
]]></system-out>
    <system-err><![CDATA[Oct 20, 2021 3:55:33 PM org.openqa.selenium.remote.ProtocolHandshake createSession
INFO: Detected dialect: W3C
]]></system-err>
  </testcase>
  <testcase name="GOOGLE3" classname="FirstTest" time="0.905">
    <system-out><![CDATA[Google3 Test Ended! Thread Id: 47
]]></system-out>
  </testcase>
  <testcase name="GOOGLE3" classname="FirstTest" time="3.702">
    <system-out><![CDATA[CHORME BROWSER RUNNNing
CHORME BROWSER RUNNNing
CHORME BROWSER RUNNNing
Google3 Test's Page title is: Google Thread Id: 50
Google3 Test Ended! Thread Id: 50
]]></system-out>
  </testcase>
  <testcase name="GOOGLE3" classname="FirstTest" time="0.692">
    <system-out><![CDATA[CHORME BROWSER RUNNNing
CHORME BROWSER RUNNNing
CHORME BROWSER RUNNNing
Google3 Test Started! Thread Id: 54
Google2 Test Started! Thread Id: 53
Google1 Test Started! Thread Id: 52
Google3 Test's Page title is: Google Thread Id: 54
Google3 Test Ended! Thread Id: 54
]]></system-out>
    <system-err><![CDATA[Oct 20, 2021 3:55:43 PM org.openqa.selenium.remote.ProtocolHandshake createSession
INFO: Detected dialect: W3C
Oct 20, 2021 3:55:43 PM org.openqa.selenium.remote.ProtocolHandshake createSession
INFO: Detected dialect: W3C
Oct 20, 2021 3:55:43 PM org.openqa.selenium.remote.ProtocolHandshake createSession
INFO: Detected dialect: W3C
]]></system-err>
  </testcase>
  <testcase name="GOOGLE3" classname="FirstTest" time="0.893">
    <system-out><![CDATA[Google3 Test's Page title is: Google Thread Id: 57
Google1 Test's Page title is: Google Thread Id: 58
Google3 Test Ended! Thread Id: 57
]]></system-out>
  </testcase>
  <testcase name="GOOGLE3" classname="FirstTest" time="1.206">
    <system-out><![CDATA[Google3 Test Ended! Thread Id: 60
]]></system-out>
  </testcase>
  <testcase name="GOOGLE3" classname="FirstTest" time="1.069">
    <system-out><![CDATA[Google3 Test's Page title is: Google Thread Id: 63
Google3 Test Ended! Thread Id: 63
]]></system-out>
  </testcase>
  <testcase name="GOOGLE3" classname="FirstTest" time="1.098">
    <system-out><![CDATA[Google3 Test's Page title is: Google Thread Id: 66
Google3 Test Ended! Thread Id: 66
]]></system-out>
  </testcase>
  <testcase name="GOOGLE1" classname="FirstTest" time="0.044">
    <system-out><![CDATA[Google1 Test Ended! Thread Id: 24
]]></system-out>
  </testcase>
  <testcase name="GOOGLE1" classname="FirstTest" time="0.882">
    <system-out><![CDATA[Google1 Test's Page title is: Google Thread Id: 48
Google1 Test's Page title is: Google Thread Id: 45
Google3 Test's Page title is: Google Thread Id: 47
Google1 Test Ended! Thread Id: 48
]]></system-out>
  </testcase>
  <testcase name="GOOGLE1" classname="FirstTest" time="0.903">
    <system-out><![CDATA[Google1 Test Ended! Thread Id: 45
]]></system-out>
  </testcase>
  <testcase name="GOOGLE1" classname="FirstTest" time="0.831">
    <system-out><![CDATA[Google1 Test's Page title is: Google Thread Id: 52
Google1 Test Ended! Thread Id: 52
]]></system-out>
  </testcase>
  <testcase name="GOOGLE1" classname="FirstTest" time="0.627">
    <system-out><![CDATA[CHORME BROWSER RUNNNing
CHORME BROWSER RUNNNing
CHORME BROWSER RUNNNing
Google1 Test Started! Thread Id: 55
Google2 Test Started! Thread Id: 56
Google3 Test Started! Thread Id: 57
Google3 Test Started! Thread Id: 60
Google1 Test Started! Thread Id: 58
Google2 Test Started! Thread Id: 59
Google1 Test's Page title is: Google Thread Id: 55
Google1 Test Ended! Thread Id: 55
]]></system-out>
    <system-err><![CDATA[Oct 20, 2021 3:55:48 PM org.openqa.selenium.remote.ProtocolHandshake createSession
INFO: Detected dialect: W3C
Oct 20, 2021 3:55:48 PM org.openqa.selenium.remote.ProtocolHandshake createSession
INFO: Detected dialect: W3C
Oct 20, 2021 3:55:48 PM org.openqa.selenium.remote.ProtocolHandshake createSession
INFO: Detected dialect: W3C
Oct 20, 2021 3:55:48 PM org.openqa.selenium.remote.ProtocolHandshake createSession
INFO: Detected dialect: W3C
Oct 20, 2021 3:55:48 PM org.openqa.selenium.remote.ProtocolHandshake createSession
INFO: Detected dialect: W3C
Oct 20, 2021 3:55:48 PM org.openqa.selenium.remote.ProtocolHandshake createSession
INFO: Detected dialect: W3C
]]></system-err>
  </testcase>
  <testcase name="GOOGLE1" classname="FirstTest" time="0.923">
    <system-out><![CDATA[Google1 Test Ended! Thread Id: 58
]]></system-out>
  </testcase>
  <testcase name="GOOGLE1" classname="FirstTest" time="1.188">
    <system-out><![CDATA[Google1 Test's Page title is: Google Thread Id: 61
Google1 Test Ended! Thread Id: 61
]]></system-out>
  </testcase>
  <testcase name="GOOGLE1" classname="FirstTest" time="0.828">
    <system-out><![CDATA[Google1 Test Started! Thread Id: 64
Google3 Test Started! Thread Id: 66
Google2 Test Started! Thread Id: 65
Google1 Test's Page title is: Google Thread Id: 64
Google1 Test Ended! Thread Id: 64
]]></system-out>
    <system-err><![CDATA[Oct 20, 2021 3:55:56 PM org.openqa.selenium.remote.ProtocolHandshake createSession
INFO: Detected dialect: W3C
Oct 20, 2021 3:55:56 PM org.openqa.selenium.remote.ProtocolHandshake createSession
INFO: Detected dialect: W3C
Oct 20, 2021 3:55:57 PM org.openqa.selenium.remote.ProtocolHandshake createSession
INFO: Detected dialect: W3C
]]></system-err>
  </testcase>
  <testcase name="GOOGLE4" classname="SecondTest" time="2.019">
    <system-out><![CDATA[CHORME BROWSER RUNNNing
CHORME BROWSER RUNNNing
CHORME BROWSER RUNNNing
Google4 Test's Page title is: Google Thread Id: 23
Google4 Test Ended! Thread Id: 23
]]></system-out>
  </testcase>
  <testcase name="YANDEX" classname="SecondTest" time="2.786">
    <system-out><![CDATA[Yandex Test's Page title is: Yandex Thread Id: 26
Yandex Test Ended! Thread Id: 26
]]></system-out>
  </testcase>
</testsuite>